LastName            
--------------------
Almeida             
Barnett             
Bernard             
Brooks              
Brown               
Chase               
Dubois              
Fernandes           
Francis             
Girard              
Gonçalves           
Gordon              
Goyer               
Gray                
Gruber              
Gutiérrez           
Hämäläinen          
Hansen              
Harris              
Hughes              
Johansson           
Jones               
Köhler              
Leacock             
Lefebvre            
Mancini             
Martins             
Mercier             
Miller              
Mitchell            
Muñoz               
Murray              
Nielsen             
Pareek              
Peeters             
Peterson            
Philips             
Ralston             
Ramos               
Rocha               
Rojas               
Sampaio             
Schneider           
Schröder            
Silk                
Smith               
Srivastava          
Stevens             
Sullivan            
Taylor              
Tremblay            
Van der Berg        
Wichterlová         
Wójcik              
Zimmermann          

(55 rows affected)
