BillingCountry                          
----------------------------------------
Argentina                               
Australia                               
Austria                                 
Belgium                                 
Brazil                                  
Canada                                  
Chile                                   
Czech Republic                          
Denmark                                 
Finland                                 
France                                  
Germany                                 
Hungary                                 
India                                   
Ireland                                 
Italy                                   
Netherlands                             
Norway                                  
Poland                                  
Portugal                                
Spain                                   
Sweden                                  
United Kingdom                          
USA                                     

(24 rows affected)
